make.exe all --print-data-base --no-builtin-variables --no-builtin-rules --question
# GNU Make 3.81
# Copyright (C) 2006  Free Software Foundation, Inc.
# This is free software; see the source for copying conditions.
# There is NO warranty; not even for MERCHANTABILITY or FITNESS FOR A
# PARTICULAR PURPOSE.

# This program built for i386-pc-mingw32
 

# Make data base, printed on Sun May 08 13:09:36 2022

# Variables

# automatic
<D = $(patsubst %/,%,$(dir $<))
# automatic
?F = $(notdir $?)
# makefile (from `makefile', line 4)
INCDIR = -I.
# makefile
MAKEFLAGS = Rrqp
# environment
VSCODE_LOG_NATIVE = false
# environment
UGII_3DCONNEXION_DIR32 = C:\Program Files\3Dconnexion\3DxWare\3DxNX\ugii_dir32\
# makefile (from `makefile', line 1)
TARGET = xfer
# automatic
?D = $(patsubst %/,%,$(dir $?))
# environment
PLATFORMIO_IDE = 2.4.3
# automatic
@D = $(patsub 
st %/,%,$(dir $@))
# environment
HOMEDRIVE = C:
# automatic
@F = $(notdir $@)
# automatic
^D = $(patsubst %/,%,$(dir $^))
# makefile
CURDIR := m:/CloudStation/Projects/GCC Projects/cpcxfer
# default
SHELL := sh.exe
# makefile (from `makefile', line 10)
RM = del
# environment
WINDIR = C:\WINDOWS
# environment
VSCODE_NLS_CONFIG = {"locale":"en-gb","availableLanguages":{},"_languagePackSupport":true}
# environment
VBOX_MSI_INSTALL_PATH = C:\Program Files\Oracle\VirtualBox\
# makefile (from `makefile', line 6)
CFLAGS = -O2  -W
# environment
ONEDRIVE = C:\Users\rob\OneDrive
# environment
PATHEXT = .COM;.EXE;.BAT;.CMD;.VBS;.VBE;.JS;.JSE;.WSF;.WSH;.MSC;.PY;.PYW
# makefile (from `makefile', line 1)
MAKEFILE_LIST :=  makefile
# environment
FPS_BROWSER_USER_PROFILE_STRING = Default
# environment
TMP = C:\Users\rob\AppData\Local\Temp
# environment
VSCODE_VERBOSE_LOGGING = true
# environment
PROGRAMW6432 = C:\Program Files
# makefile (from `makefile', line 3)
OBJS = main.o http.o cpc.o parse.o
# environment
PROGRAMDATA = C:\ProgramData
# environment
VSCODE_IPC_HOOK_EXTHOST = \\.\pipe\vscode-ipc-c5d4f17e-2db7-4588-b643-437de0fa38e0-sock
# environment
VSCODE_CWD = C:\Program Files\Microsoft VS Code
# environment
UGII_3DCONNEXION_DIR = C:\Program Files\3Dconnexion\3DxWare\3DxNX\ugii_dir\
# environment
NO_PROXY = 127.0.0.1
# environment
COMMONPROGRAMW6432 = C:\Program Files\Common Files
# environment
PROCESSOR_ARCHITECTURE = x86
# environment
USERPROFILE = C:\Users\rob
# environment
ALLUSERSPROFILE = C:\ProgramData
# environment
VSCODE_LOG_STACK = false
# environment
NUMBER_OF_PROCESSORS = 8
# environment
ELECTRON_RUN_AS_NODE = 1
# makefile (from `makefile', line 8)
LDFLAGS = -s -Wl
# default
.FEATURES := target-specific order-only second-expansion else-if archives
# automatic
%F = $(notdir $%)
# environment
CHROME_CRASHPAD_PIPE_NAME = \\.\pipe\crashpad_13600_CDDXPGDGDCMAZQXV
# environment
VSCODE_PIPE_LOGGING = true
# environment
COMPUTERNAME = ROB-PC
# environment
PROGRAMFILES = C:\Program Files (x86)
# environment
DRIVERDATA = C:\Windows\System32\Drivers\DriverData
# environment
ORIGINAL_XDG_CURRENT_DESKTOP = undefined
# environment
USERNAME = rob
# environment
PUBLIC = C:\Users\Public
# environment
VSCODE_AMD_ENTRYPOINT = vs/workbench/api/node/extensionHostProcess
# environment
VSCODE_CODE_CACHE_PATH = C:\Users\rob\AppData\Roaming\Code\CachedData\57fd6d0195bb9b9d1b49f6da5db789060795de47
# environment
APPLICATION_INSIGHTS_NO_DIAGNOSTIC_CHANNEL = 1
# environment
COMMONPROGRAMFILES = C:\Program Files (x86)\Common Files
# environment
LOGONSERVER = \\ROB-PC
# environment
ONEDRIVECONSUMER = C:\Users\rob\OneDrive
# environment
VSCODE_HANDLES_UNCAUGHT_ERRORS = true
# environment
USERDOMAIN = ROB-PC
# environment
MIC_LD_LIBRARY_PATH = C:\Program Files (x86)\Common Files\Intel\Shared Libraries\compiler\lib\mic
# environment
PLATFORMIO_PATH = C:\Users\rob\.platformio\penv\Scripts;C:\Users\rob\.platformio\penv;C:\Users\rob\.platformio\python3;C:\Program Files\Python38\Scripts\;C:\Program Files\Python38\;C:\Program Files (x86)\Embarcadero\Studio\20.0\bin;C:\Users\Public\Documents\Embarcadero\Studio\20.0\Bpl;C:\Program Files (x86)\Embarcadero\Studio\20.0\bin64;C:\Users\Public\Documents\Embarcadero\Studio\20.0\Bpl\Win64;C:\Program Files\Python37\Scripts\;C:\Program Files\Python37\;C:\Program Files (x86)\Python37-32\Scripts\;C:\Program Files (x86)\Python37-32\;C:\Program Files (x86)\Common Files\Oracle\Java\javapath;C:\Program Files (x86)\Common Files\Intel\Shared Libraries\redist\intel64\compiler;C:\Program Files (x86)\NVIDIA Corporation\PhysX\Common;C:\WINDOWS\system32;C:\WINDOWS;C:\WINDOWS\System32\Wbem;C:\WINDOWS\System32\WindowsPowerShell\v1.0\;C:\WINDOWS\System32\OpenSSH\;C:\Program Files (x86)\Windows Kits\8.1\Windows Performance Toolkit\;C:\Program Files\PuTTY\;C:\Program Files\Microsoft VS Code\bin;C:\Program Files\Git\cmd;C:\PROGRA~2\IBM\CLIENT~1;C:\PROGRA~2\IBM\CLIENT~1\Shared;C:\PROGRA~2\IBM\CLIENT~1\Emulator;;C:\Program Files (x86)\Microchip\MPLAB C32 Suite\bin;C:\Program Files\dotnet\;C:\Users\rob\AppData\Local\Microsoft\WindowsApps;C:\Users\rob\AppData\Local\GitHubDesktop\bin;C:\Users\rob\.dotnet\tools;C:\Program Files\SDCC\bin;C:\Program Files\Python38\Scripts\;C:\Program Files\Python38\;C:\Program Files (x86)\Embarcadero\Studio\20.0\bin;C:\Users\Public\Documents\Embarcadero\Studio\20.0\Bpl;C:\Program Files (x86)\Embarcadero\Studio\20.0\bin64;C:\Users\Public\Documents\Embarcadero\Studio\20.0\Bpl\Win64;C:\Program Files\Python37\Scripts\;C:\Program Files\Python37\;C:\Program Files (x86)\Python37-32\Scripts\;C:\Program Files (x86)\Python37-32\;C:\Program Files (x86)\Common Files\Oracle\Java\javapath;C:\Program Files (x86)\Common Files\Intel\Shared Libraries\redist\intel64\compiler;C:\Program Files (x86)\NVIDIA Corporation\PhysX\Common;C:\WINDOWS\system32;C:\WINDOWS;C:\WINDOWS\System32\Wbem;C:\WINDOWS\System32\WindowsPowerShell\v1.0\;C:\WINDOWS\System32\OpenSSH\;C:\Program Files (x86)\Windows Kits\8.1\Windows Performance Toolkit\;C:\Program Files\PuTTY\;C:\Program Files\Microsoft VS Code\bin;C:\Program Files\Git\cmd;C:\PROGRA~2\IBM\CLIENT~1;C:\PROGRA~2\IBM\CLIENT~1\Shared;C:\PROGRA~2\IBM\CLIENT~1\Emulator;;C:\Program Files (x86)\Microchip\MPLAB C32 Suite\bin;C:\Program Files\dotnet\;C:\Users\rob\AppData\Local\Microsoft\WindowsApps;C:\Users\rob\AppData\Local\GitHubDesktop\bin;C:\Users\rob\.dotnet\tools;C:\Program Files\SDCC\bin
# default
MAKE = $(MAKE_COMMAND)
# default
MAKECMDGOALS := all
# environment
PATH = C:\Program Files\Python38\Scripts\;C:\Program Files\Python38\;C:\Program Files (x86)\Embarcadero\Studio\20.0\bin;C:\Users\Public\Documents\Embarcadero\Studio\20.0\Bpl;C:\Program Files (x86)\Embarcadero\Studio\20.0\bin64;C:\Users\Public\Documents\Embarcadero\Studio\20.0\Bpl\Win64;C:\Program Files\Python37\Scripts\;C:\Program Files\Python37\;C:\Program Files (x86)\Python37-32\Scripts\;C:\Program Files (x86)\Python37-32\;C:\Program Files (x86)\Common Files\Oracle\Java\javapath;C:\Program Files (x86)\Common Files\Intel\Shared Libraries\redist\intel64\compiler;C:\Program Files (x86)\NVIDIA Corporation\PhysX\Common;C:\WINDOWS\system32;C:\WINDOWS;C:\WINDOWS\System32\Wbem;C:\WINDOWS\System32\WindowsPowerShell\v1.0\;C:\WINDOWS\System32\OpenSSH\;C:\Program Files (x86)\Windows Kits\8.1\Windows Performance Toolkit\;C:\Program Files\PuTTY\;C:\Program Files\Microsoft VS Code\bin;C:\Program Files\Git\cmd;C:\PROGRA~2\IBM\CLIENT~1;C:\PROGRA~2\IBM\CLIENT~1\Shared;C:\PROGRA~2\IBM\CLIENT~1\Emulator;;C:\Program Files (x86)\Microchip\MPLAB C32 Suite\bin;C:\Program Files\dotnet\;C:\Users\rob\AppData\Local\Microsoft\WindowsApps;C:\Users\rob\AppData\Local\GitHubDesktop\bin;C:\Users\rob\.dotnet\tools;C:\Program Files\SDCC\bin
# makefile (from `makefile', line 5)
CC = gcc
# default
MAKE_VERSION := 3.81
# makefile
.DEFAULT_GOAL := all
# environment
PROGRAMFILES(X86) = C:\Program Files (x86)
# automatic
%D = $(patsubst %/,%,$(dir $%))
# environment
LOCALAPPDATA = C:\Users\rob\AppData\Local
# environment
PSMODULEPATH = C:\Program Files\WindowsPowerShell\Modules;C:\WINDOWS\system32\WindowsPowerShell\v1.0\Modules
# default
MAKE_COMMAND := make.exe
# environment
PROCESSOR_ARCHITEW6432 = AMD64
# default
.VARIABLES := 
# automatic
*F = $(notdir $*)
# environment
PROCESSOR_IDENTIFIER = AMD64 Family 21 Model 2 Stepping 0, AuthenticAMD
# environment
OS = Windows_NT
# environment
VSCODE_IPC_HOOK = \\.\pipe\77fe20f8b89b9d411673c2a09c3de867-1.67.0-main-sock
# environment
HOMEPATH = \Users\rob
# environment
COMMONPROGRAMFILES(X86) = C:\Program Files (x86)\Common Files
# environment
PROMPT = $P$G
# environment
MFLAGS = -Rrqp
# automatic
*D = $(patsubst %/,%,$(dir $*))
# environment
INTEL_DEV_REDIST = C:\Program Files (x86)\Common Files\Intel\Shared Libraries\
# environment
SYSTEMROOT = C:\WINDOWS
# automatic
+D = $(patsubst %/,%,$(dir $+))
# automatic
+F = $(notdir $+)
# environment
APPDATA = C:\Users\rob\AppData\Roaming
# makefile (from `makefile', line 16)
STRIP = strip
# environment
TEMP = C:\Users\rob\AppData\Local\Temp
# environment
COMSPEC = C:\WINDOWS\system32\cmd.exe
# default
MAKEFILES := 
# automatic
<F = $(notdir $<)
# environment
PLATFORMIO_CALLER = vscode
# environment
LC_ALL = C
# makefile (from `makefile', line 9)
LIBS = -lwsock32
# automatic
^F = $(notdir $^)
# default
SUFFIXES := 
# environment
SYSTEMDRIVE = C:
# environment
SESSIONNAME = Console
# environment
PROCESSOR_REVISION = 0200
# environment
MAKELEVEL := 0
# environment
LANG = C
# environment
PROCESSOR_LEVEL = 21
# environment
FPS_BROWSER_APP_PROFILE_STRING = Internet Explorer
# environment
VSCODE_PID = 13600
# environment
USERDOMAIN_ROAMINGPROFILE = ROB-PC
# variable set hash-table stats:
# Load=107/1024=10%, Rehash=0, Collisions=14/136=10%

# Pattern-specific Variable Values

# No pattern-specific variable values.

# Directories

# : could not be stat'd.
# C:\Program Files (x86)\Common Files\Intel\Shared Libraries\redist\intel64\compiler (key C:/Program Files (x86)/Common Files/Intel/Shared Libraries/redist/intel64/compiler, mtime 1555795524): 17 files, no impossibilities.
# C:\Program Files (x86)\Python37-32\: could not be stat'd.
# C:\Program Files (x86)\Python37-32\Scripts\: could not be stat'd.
# C:\Program Files (x86)\Embarcadero\Studio\20.0\bin: could not be stat'd.
# C:\WINDOWS\System32\WindowsPowerShell\v1.0\ (key C:/WINDOWS/System32/WindowsPowerShell/v1.0/, mtime 1605758029): 30 files, no impossibilities.
# C:\WINDOWS\System32\Wbem (key C:/WINDOWS/System32/Wbem, mtime 1650409420): 170 files, no impossibilities.
# . (key m:/CloudStation/Projects/GCC Projects/cpcxfer, mtime 1652011775): 16 files, no impossibilities.
# C:\Program Files (x86)\Windows Kits\8.1\Windows Performance Toolkit\ (key C:/Program Files (x86)/Windows Kits/8.1/Windows Performance Toolkit/, mtime 1547880421): 73 files, no impossibilities.
# C:\Program Files (x86)\NVIDIA Corporation\PhysX\Common (key C:/Program Files (x86)/NVIDIA Corporation/PhysX/Common, mtime 1570055438): 10 files, no impossibilities.
# C:\Users\rob\.dotnet\tools: could not be stat'd.
# C:\Program Files\dotnet\ (key C:/Program Files/dotnet/, mtime 1650366237): 11 files, no impossibilities.
# C:\Program Files\SDCC\bin (key C:/Program Files/SDCC/bin, mtime 1647773676): 48 files, no impossibilities.
# C:\Users\Public\Documents\Embarcadero\Studio\20.0\Bpl\Win64: could not be stat'd.
# C:\Program Files\Python37\ (key C:/Program Files/Python37/, mtime 1594237149): 4 files, no impossibilities.
# C:\Program Files\Python37\Scripts\ (key C:/Program Files/Python37/Scripts/, mtime 1568752034): 8 files, no impossibilities.
# C:\WINDOWS\System32\OpenSSH\: could not be stat'd.
# C:\Program Files\PuTTY\ (key C:/Program Files/PuTTY/, mtime 1557850343): 12 files, no impossibilities.
# C:\Program Files (x86)\Common Files\Oracle\Java\javapath (key C:/Program Files (x86)/Common Files/Oracle/Java/javapath, mtime 1626801676): 5 files, no impossibilities.
# C:\Program Files\Microsoft VS Code\bin (key C:/Program Files/Microsoft VS Code/bin, mtime 1652003785): 4 files, no impossibilities.
# C:\Users\rob\AppData\Local\GitHubDesktop\bin (key C:/Users/rob/AppData/Local/GitHubDesktop/bin, mtime 1609708220): 4 files, no impossibilities.
# C:\WINDOWS (key C:/WINDOWS, mtime 1641648433): 134 files, no impossibilities.
# C:\Users\rob\AppData\Local\Microsoft\WindowsApps (key C:/Users/rob/AppData/Local/Microsoft/WindowsApps, mtime 1650958630): 17 files, no impossibilities.
# C:\PROGRA~2\IBM\CLIENT~1\Shared (key C:/PROGRA~2/IBM/CLIENT~1/Shared, mtime 1580945090): 24 files, no impossibilities.
# C:\Users\Public\Documents\Embarcadero\Studio\20.0\Bpl: could not be stat'd.
# C:\PROGRA~2\IBM\CLIENT~1 (key C:/PROGRA~2/IBM/CLIENT~1, mtime 1581248620): 77 files, no impossibilities.
# C:\PROGRA~2\IBM\CLIENT~1\Emulator (key C:/PROGRA~2/IBM/CLIENT~1/Emulator, mtime 1581248620): 183 files, no impossibilities.
# C:\Program Files (x86)\Embarcadero\Studio\20.0\bin64: could not be stat'd.
# C:\Program Files\Git\cmd (key C:/Program Files/Git/cmd, mtime 1568751868): 8 files, no impossibilities.
# C:\WINDOWS\system32 (key C:/WINDOWS/system32, mtime 1594751609): 3235 files, no impossibilities.
# C:\Program Files (x86)\Microchip\MPLAB C32 Suite\bin: could not be stat'd.
# C:\Program Files\Python38\ (key C:/Program Files/Python38/, mtime 1594236963): 18 files, no impossibilities.
# C:\Program Files\Python38\Scripts\ (key C:/Program Files/Python38/Scripts/, mtime 1594237439): 7 files, no impossibilities.

# 4115 files, no impossibilities in 33 directories.

# Implicit Rules

%.o: %.c
#  commands to execute (from `makefile', line 28):
	${CC} ${CFLAGS} ${INCDIR} -c $< -o $@
	

# 1 implicit rules, 0 (0.0%) terminal.

# Files

# Not a target:
cpc.o:
#  Implicit rule search has not been done.
#  Modification time never checked.
#  File has not been updated.

all: xfer
#  Command-line target.
#  Implicit rule search has been done.
#  File does not exist.
#  File has been updated.
#  Needs to be updated (-q is set).
# variable set hash-table stats:
# Load=0/32=0%, Rehash=0, Collisions=0/5=0%

# Not a target:
main.c:
#  Implicit rule search has been done.
#  Last modified 2021-09-28 16:51:30
#  File has been updated.
#  Successfully updated.
# variable set hash-table stats:
# Load=0/32=0%, Rehash=0, Collisions=0/0=0%

# Not a target:
.DEFAULT:
#  Implicit rule search has not been done.
#  Modification time never checked.
#  File has not been updated.

# Not a target:
parse.o:
#  Implicit rule search has not been done.
#  Modification time never checked.
#  File has not been updated.

xfer: main.o http.o cpc.o parse.o
#  Implicit rule search has not been done.
#  File does not exist.
#  File has been updated.
#  Needs to be updated (-q is set).
# variable set hash-table stats:
# Load=0/32=0%, Rehash=0, Collisions=0/5=0%
#  commands to execute (from `makefile', line 23):
	${CC} -o "$@" ${OBJS} ${LDFLAGS} ${LIBS}
	$(STRIP) $(TARGET)
	$(RM) ${OBJS}
	

distclean: clean
#  Implicit rule search has not been done.
#  Modification time never checked.
#  File has not been updated.
#  commands to execute (from `makefile', line 34):
	$(RM) $(TARGET)
	$(RM) $(TARGET).exe
	

# Not a target:
makefile:
#  Implicit rule search has been done.
#  Last modified 2022-05-08 13:03:41
#  File has been updated.
#  Successfully updated.
# variable set hash-table stats:
# Load=0/32=0%, Rehash=0, Collisions=0/0=0%

# Not a target:
.SUFFIXES:
#  Implicit rule search has not been done.
#  Modification time never checked.
#  File has not been updated.

# Not a target:
http.o:
#  Implicit rule search has not been done.
#  Modification time never checked.
#  File has not been updated.

clean:
#  Implicit rule search has not been done.
#  Modification time never checked.
#  File has not been updated.
#  commands to execute (from `makefile', line 31):
	$(RM) ${OBJS}
	

main.o: main.c
#  Implicit rule search has been done.
#  Implicit/static pattern stem: `main'
#  File does not exist.
#  File has been updated.
#  Needs to be updated (-q is set).
# automatic
# @ := main.o
# automatic
# % := 
# automatic
# * := main
# automatic
# + := main.c
# automatic
# | := 
# automatic
# < := main.c
# automatic
# ^ := main.c
# automatic
# ? := main.c
# variable set hash-table stats:
# Load=8/32=25%, Rehash=0, Collisions=1/15=7%
#  commands to execute (from `makefile', line 28):
	${CC} ${CFLAGS} ${INCDIR} -c $< -o $@
	

# files hash-table stats:
# Load=12/1024=1%, Rehash=0, Collisions=0/33=0%
# VPATH Search Paths

# No `vpath' search paths.

# No general (`VPATH' variable) search path.

# # of strings in strcache: 1
# # of strcache buffers: 1
# strcache size: total = 4096 / max = 4096 / min = 4096 / avg = 4096
# strcache free: total = 4087 / max = 4087 / min = 4087 / avg = 4087

# Finished Make data base on Sun May 08 13:09:36 2022

 
